<?xml version="1.0" encoding="UTF-8"?>
<!-- Generated by org.testng.reporters.JUnitReportReporter -->
<testsuite hostname="D01TMC010" name="secretEscape.NewTest" tests="1" failures="0" timestamp="6 Aug 2014 09:48:19 GMT" time="77.323" errors="0">
  <testcase name="Test" time="77.323" classname="secretEscape.NewTest"/>
</testsuite> <!-- secretEscape.NewTest -->
